
> adesso_cms_theme@1.3.0 storybook
> storybook dev -p 6006 --host 0.0.0.0

@storybook/core v8.6.14

(node:84299) [DEP0040] DeprecationWarning: The `punycode` module is deprecated. Please use a userland alternative instead.
(Use `node --trace-deprecation ...` to show where the warning was created)
info => Starting manager..
info => Starting preview..
╭─────────────────────────────────────────────────────────────────────╮
│                                                                     │
│   [38;2;162;224;94mStorybook 8.6.14 for html-vite started[39m                            │
│   418 ms for manager and 398 ms for preview                         │
│                                                                     │
│   Local:            http://localhost:6006/                          │
│   On your network:  http://0.0.0.0:6006/                            │
│                                                                     │
│   [38;2;243;173;56mA new version (9.1.4) is available![39m                               │
│                                                                     │
│   Upgrade now: [38;2;162;224;94mnpx storybook@latest upgrade[39m                         │
│                                                                     │
│   Read full changelog:                                              │
│   https://github.com/storybookjs/storybook/blob/main/CHANGELOG.md   │
│                                                                     │
╰─────────────────────────────────────────────────────────────────────╯
