
> adesso_cms_theme@1.3.0 storybook
> storybook dev -p 6006 --host 0.0.0.0

@storybook/core v8.6.7

[?25l[2K[1G[36m?[39m [1mPort 6006 is not available. Would you like to run Storybook on port 6008 instead?[22m [90m›[39m [90m(Y/n)[39m[2K[1G[2K[1G[32m✔[39m [1mPort 6006 is not available. Would you like to run Storybook on port 6008 instead?[22m [90m…[39m yes
[?25hWARN Could not resolve addon "@chromatic-com/storybook", skipping. Is it installed?
WARN Could not resolve addon "@chromatic-com/storybook", skipping. Is it installed?
info => Starting manager..
info => Starting preview..
╭─────────────────────────────────────────────────────────────────────╮
│                                                                     │
│   [38;2;162;224;94mStorybook 8.6.7 for html-vite started[39m                             │
│   954 ms for manager and 2.77 s for preview                         │
│                                                                     │
│   Local:            http://localhost:6008/                          │
│   On your network:  http://0.0.0.0:6008/                            │
│                                                                     │
│   [38;2;243;173;56mA new version (9.1.3) is available![39m                               │
│                                                                     │
│   Upgrade now: [38;2;162;224;94mnpx storybook@latest upgrade[39m                         │
│                                                                     │
│   Read full changelog:                                              │
│   https://github.com/storybookjs/storybook/blob/main/CHANGELOG.md   │
│                                                                     │
╰─────────────────────────────────────────────────────────────────────╯

